<?xml version="1.0" encoding="UTF-8"?>
<!-- Generated by org.testng.reporters.JUnitXMLReporter -->
<testsuite hostname="INBANRAMASEGO01" ignored="0" name="Command line test" tests="4" failures="0" timestamp="2021-10-03T01:55:03 IST" time="63.551" errors="0">
  <testcase name="titleTest" time="0.005" classname="com.gtn.qa.TestCases.JobDetailPageTestCase"/>
  <testcase name="gtnLogoTest" time="0.058" classname="com.gtn.qa.TestCases.JobDetailPageTestCase"/>
  <testcase name="titleTest" time="0.003" classname="com.gtn.qa.TestCases.JobListPageTestCase"/>
  <testcase name="gtnLogoTest" time="0.046" classname="com.gtn.qa.TestCases.JobListPageTestCase"/>
</testsuite> <!-- Command line test -->
