<?xml version="1.0" encoding="UTF-8"?>
<!-- Generated by org.testng.reporters.JUnitXMLReporter -->
<testsuite hostname="INBANRAMASEGO01" ignored="0" name="Command line test" tests="5" failures="0" timestamp="2021-10-02T15:47:32 IST" time="115.463" errors="0">
  <testcase name="gtnLogoTest" time="0.074" classname="com.gtn.qa.TestCases.JobDetailPageTestCase"/>
  <testcase name="tmoJobUploadDetailpageTest" time="11.851" classname="com.gtn.qa.TestCases.JobDetailPageTestCase"/>
  <testcase name="titleTest" time="0.008" classname="com.gtn.qa.TestCases.JobListPageTestCase"/>
  <testcase name="gtnLogoTest" time="0.085" classname="com.gtn.qa.TestCases.JobListPageTestCase"/>
  <testcase name="tmoJobUploadDetailpageTest" time="12.056" classname="com.gtn.qa.TestCases.JobListPageTestCase"/>
</testsuite> <!-- Command line test -->
