<?xml version="1.0" encoding="UTF-8"?>
<!-- Generated by org.testng.reporters.JUnitXMLReporter -->
<testsuite hostname="INBANRAMASEGO01" name="GTN TMO Automation2" tests="7" failures="1" timestamp="2 Oct 2021 09:48:38 GMT" time="143.269" errors="0">
  <testcase name="gtnTMOurlTest" time="0.012" classname="com.gtn.qa.TestCases.JobDetailPageTestCase">
    <failure type="java.lang.AssertionError" message="Incorrect detail page Url expected [https://gtnrctp-tmo-1.gtncloud.com/static/index.html#/job_details/status/GTN_KTMnWh7ZEeynrwK240Q7Ow] but found [https://gtnrctp-tmo-1.gtncloud.com/static/index.html#/job_details/status/GTN_7HxDViNkEeynrwK240Q7Ow]">
      <![CDATA[java.lang.AssertionError: Incorrect detail page Url expected [https://gtnrctp-tmo-1.gtncloud.com/static/index.html#/job_details/status/GTN_KTMnWh7ZEeynrwK240Q7Ow] but found [https://gtnrctp-tmo-1.gtncloud.com/static/index.html#/job_details/status/GTN_7HxDViNkEeynrwK240Q7Ow]
	at com.gtn.qa.TestCases.JobDetailPageTestCase.gtnTMOurlTest(JobDetailPageTestCase.java:50)
... Removed 30 stack frames]]>
    </failure>
  </testcase> <!-- gtnTMOurlTest -->
  <testcase name="titleTest" time="0.004" classname="com.gtn.qa.TestCases.JobDetailPageTestCase"/>
  <testcase name="titleTest" time="0.003" classname="com.gtn.qa.TestCases.JobListPageTestCase"/>
  <testcase name="gtnLogoTest" time="0.042" classname="com.gtn.qa.TestCases.JobDetailPageTestCase"/>
  <testcase name="gtnLogoTest" time="0.045" classname="com.gtn.qa.TestCases.JobListPageTestCase"/>
  <testcase name="tmoJobUploadDetailpageTest" time="11.827" classname="com.gtn.qa.TestCases.JobDetailPageTestCase"/>
  <testcase name="tmoJobUploadDetailpageTest" time="12.494" classname="com.gtn.qa.TestCases.JobListPageTestCase"/>
</testsuite> <!-- GTN TMO Automation2 -->
