<?xml version="1.0" encoding="UTF-8"?>
<!-- Generated by org.testng.reporters.JUnitXMLReporter -->
<testsuite hostname="INBANRAMASEGO01" name="GTN TMO Automation1" tests="3" failures="0" timestamp="2 Oct 2021 04:59:10 GMT" time="54.087" errors="0">
  <testcase name="titleTest" time="0.011" classname="com.gtn.qa.TestCases.JobListPageTestCase"/>
  <testcase name="gtnLogoTest" time="0.093" classname="com.gtn.qa.TestCases.JobListPageTestCase"/>
  <testcase name="tmoJobUploadDetailpageTest" time="12.35" classname="com.gtn.qa.TestCases.JobListPageTestCase"/>
</testsuite> <!-- GTN TMO Automation1 -->
