<?xml version="1.0" encoding="UTF-8"?>
<testng-results skipped="0" failed="1" total="7" passed="6">
  <reporter-output>
  </reporter-output>
  <suite name="GTN TestNG Suite" duration-ms="143269" started-at="2021-10-02T09:46:15Z" finished-at="2021-10-02T09:48:38Z">
    <groups>
    </groups>
    <test name="GTN TMO Automation2" duration-ms="143269" started-at="2021-10-02T09:46:15Z" finished-at="2021-10-02T09:48:38Z">
      <class name="com.gtn.qa.TestCases.JobDetailPageTestCase">
        <test-method status="PASS" signature="setUp()[pri:0, instance:com.gtn.qa.TestCases.JobDetailPageTestCase@5c5eefef]" name="setUp" is-config="true" duration-ms="21078" started-at="2021-10-02T15:16:15Z" finished-at="2021-10-02T15:16:36Z">
          <reporter-output>
          </reporter-output>
        </test-method> <!-- setUp -->
        <test-method status="FAIL" signature="gtnTMOurlTest()[pri:0, instance:com.gtn.qa.TestCases.JobDetailPageTestCase@5c5eefef]" name="gtnTMOurlTest" duration-ms="12" started-at="2021-10-02T15:16:36Z" finished-at="2021-10-02T15:16:36Z">
          <exception class="java.lang.AssertionError">
            <message>
              <![CDATA[Incorrect detail page Url expected [https://gtnrctp-tmo-1.gtncloud.com/static/index.html#/job_details/status/GTN_KTMnWh7ZEeynrwK240Q7Ow] but found [https://gtnrctp-tmo-1.gtncloud.com/static/index.html#/job_details/status/GTN_7HxDViNkEeynrwK240Q7Ow]]]>
            </message>
            <full-stacktrace>
              <![CDATA[java.lang.AssertionError: Incorrect detail page Url expected [https://gtnrctp-tmo-1.gtncloud.com/static/index.html#/job_details/status/GTN_KTMnWh7ZEeynrwK240Q7Ow] but found [https://gtnrctp-tmo-1.gtncloud.com/static/index.html#/job_details/status/GTN_7HxDViNkEeynrwK240Q7Ow]
	at org.testng.Assert.fail(Assert.java:94)
	at org.testng.Assert.failNotEquals(Assert.java:513)
	at org.testng.Assert.assertEqualsImpl(Assert.java:135)
	at org.testng.Assert.assertEquals(Assert.java:116)
	at org.testng.Assert.assertEquals(Assert.java:190)
	at com.gtn.qa.TestCases.JobDetailPageTestCase.gtnTMOurlTest(JobDetailPageTestCase.java:50)
	at sun.reflect.NativeMethodAccessorImpl.invoke0(Native Method)
	at sun.reflect.NativeMethodAccessorImpl.invoke(NativeMethodAccessorImpl.java:62)
	at sun.reflect.DelegatingMethodAccessorImpl.invoke(DelegatingMethodAccessorImpl.java:43)
	at java.lang.reflect.Method.invoke(Method.java:498)
	at org.testng.internal.MethodInvocationHelper.invokeMethod(MethodInvocationHelper.java:100)
	at org.testng.internal.Invoker.invokeMethod(Invoker.java:646)
	at org.testng.internal.Invoker.invokeTestMethod(Invoker.java:811)
	at org.testng.internal.Invoker.invokeTestMethods(Invoker.java:1137)
	at org.testng.internal.TestMethodWorker.invokeTestMethods(TestMethodWorker.java:129)
	at org.testng.internal.TestMethodWorker.run(TestMethodWorker.java:112)
	at org.testng.TestRunner.privateRun(TestRunner.java:753)
	at org.testng.TestRunner.run(TestRunner.java:607)
	at org.testng.SuiteRunner.runTest(SuiteRunner.java:368)
	at org.testng.SuiteRunner.runSequentially(SuiteRunner.java:363)
	at org.testng.SuiteRunner.privateRun(SuiteRunner.java:321)
	at org.testng.SuiteRunner.run(SuiteRunner.java:270)
	at org.testng.SuiteRunnerWorker.runSuite(SuiteRunnerWorker.java:52)
	at org.testng.SuiteRunnerWorker.run(SuiteRunnerWorker.java:86)
	at org.testng.TestNG.runSuitesSequentially(TestNG.java:1284)
	at org.testng.TestNG.runSuitesLocally(TestNG.java:1209)
	at org.testng.TestNG.runSuites(TestNG.java:1124)
	at org.testng.TestNG.run(TestNG.java:1096)
	at org.testng.remote.AbstractRemoteTestNG.run(AbstractRemoteTestNG.java:132)
	at org.testng.remote.RemoteTestNG.initAndRun(RemoteTestNG.java:236)
	at org.testng.remote.RemoteTestNG.main(RemoteTestNG.java:81)
]]>
            </full-stacktrace>
          </exception> <!-- java.lang.AssertionError -->
          <reporter-output>
          </reporter-output>
        </test-method> <!-- gtnTMOurlTest -->
        <test-method status="PASS" signature="teaDown()[pri:0, instance:com.gtn.qa.TestCases.JobDetailPageTestCase@5c5eefef]" name="teaDown" is-config="true" duration-ms="593" started-at="2021-10-02T15:16:36Z" finished-at="2021-10-02T15:16:37Z">
          <reporter-output>
          </reporter-output>
        </test-method> <!-- teaDown -->
        <test-method status="PASS" signature="setUp()[pri:0, instance:com.gtn.qa.TestCases.JobDetailPageTestCase@5c5eefef]" name="setUp" is-config="true" duration-ms="19378" started-at="2021-10-02T15:16:37Z" finished-at="2021-10-02T15:16:56Z">
          <reporter-output>
          </reporter-output>
        </test-method> <!-- setUp -->
        <test-method status="PASS" signature="titleTest()[pri:0, instance:com.gtn.qa.TestCases.JobDetailPageTestCase@5c5eefef]" name="titleTest" duration-ms="4" started-at="2021-10-02T15:16:56Z" finished-at="2021-10-02T15:16:56Z">
          <reporter-output>
          </reporter-output>
        </test-method> <!-- titleTest -->
        <test-method status="PASS" signature="teaDown()[pri:0, instance:com.gtn.qa.TestCases.JobDetailPageTestCase@5c5eefef]" name="teaDown" is-config="true" duration-ms="578" started-at="2021-10-02T15:16:56Z" finished-at="2021-10-02T15:16:57Z">
          <reporter-output>
          </reporter-output>
        </test-method> <!-- teaDown -->
        <test-method status="PASS" signature="setUp()[pri:0, instance:com.gtn.qa.TestCases.JobDetailPageTestCase@5c5eefef]" name="setUp" is-config="true" duration-ms="18635" started-at="2021-10-02T15:17:08Z" finished-at="2021-10-02T15:17:27Z">
          <reporter-output>
          </reporter-output>
        </test-method> <!-- setUp -->
        <test-method status="PASS" signature="gtnLogoTest()[pri:1, instance:com.gtn.qa.TestCases.JobDetailPageTestCase@5c5eefef]" name="gtnLogoTest" duration-ms="42" started-at="2021-10-02T15:17:27Z" finished-at="2021-10-02T15:17:27Z">
          <reporter-output>
          </reporter-output>
        </test-method> <!-- gtnLogoTest -->
        <test-method status="PASS" signature="teaDown()[pri:0, instance:com.gtn.qa.TestCases.JobDetailPageTestCase@5c5eefef]" name="teaDown" is-config="true" duration-ms="687" started-at="2021-10-02T15:17:27Z" finished-at="2021-10-02T15:17:27Z">
          <reporter-output>
          </reporter-output>
        </test-method> <!-- teaDown -->
        <test-method status="PASS" signature="setUp()[pri:0, instance:com.gtn.qa.TestCases.JobDetailPageTestCase@5c5eefef]" name="setUp" is-config="true" duration-ms="16747" started-at="2021-10-02T15:17:39Z" finished-at="2021-10-02T15:17:56Z">
          <reporter-output>
          </reporter-output>
        </test-method> <!-- setUp -->
        <test-method status="PASS" signature="tmoJobUploadDetailpageTest()[pri:3, instance:com.gtn.qa.TestCases.JobDetailPageTestCase@5c5eefef]" name="tmoJobUploadDetailpageTest" duration-ms="11827" started-at="2021-10-02T15:17:56Z" finished-at="2021-10-02T15:18:08Z">
          <reporter-output>
          </reporter-output>
        </test-method> <!-- tmoJobUploadDetailpageTest -->
        <test-method status="PASS" signature="teaDown()[pri:0, instance:com.gtn.qa.TestCases.JobDetailPageTestCase@5c5eefef]" name="teaDown" is-config="true" duration-ms="608" started-at="2021-10-02T15:18:08Z" finished-at="2021-10-02T15:18:08Z">
          <reporter-output>
          </reporter-output>
        </test-method> <!-- teaDown -->
      </class> <!-- com.gtn.qa.TestCases.JobDetailPageTestCase -->
      <class name="com.gtn.qa.TestCases.JobListPageTestCase">
        <test-method status="PASS" signature="setUp()[pri:0, instance:com.gtn.qa.TestCases.JobListPageTestCase@16293aa2]" name="setUp" is-config="true" duration-ms="10719" started-at="2021-10-02T15:16:57Z" finished-at="2021-10-02T15:17:07Z">
          <reporter-output>
          </reporter-output>
        </test-method> <!-- setUp -->
        <test-method status="PASS" signature="titleTest()[pri:0, instance:com.gtn.qa.TestCases.JobListPageTestCase@16293aa2]" name="titleTest" duration-ms="3" started-at="2021-10-02T15:17:07Z" finished-at="2021-10-02T15:17:07Z">
          <reporter-output>
          </reporter-output>
        </test-method> <!-- titleTest -->
        <test-method status="PASS" signature="teaDown()[pri:0, instance:com.gtn.qa.TestCases.JobListPageTestCase@16293aa2]" name="teaDown" is-config="true" duration-ms="586" started-at="2021-10-02T15:17:07Z" finished-at="2021-10-02T15:17:08Z">
          <reporter-output>
          </reporter-output>
        </test-method> <!-- teaDown -->
        <test-method status="PASS" signature="setUp()[pri:0, instance:com.gtn.qa.TestCases.JobListPageTestCase@16293aa2]" name="setUp" is-config="true" duration-ms="11107" started-at="2021-10-02T15:17:27Z" finished-at="2021-10-02T15:17:38Z">
          <reporter-output>
          </reporter-output>
        </test-method> <!-- setUp -->
        <test-method status="PASS" signature="gtnLogoTest()[pri:1, instance:com.gtn.qa.TestCases.JobListPageTestCase@16293aa2]" name="gtnLogoTest" duration-ms="45" started-at="2021-10-02T15:17:38Z" finished-at="2021-10-02T15:17:39Z">
          <reporter-output>
          </reporter-output>
        </test-method> <!-- gtnLogoTest -->
        <test-method status="PASS" signature="teaDown()[pri:0, instance:com.gtn.qa.TestCases.JobListPageTestCase@16293aa2]" name="teaDown" is-config="true" duration-ms="582" started-at="2021-10-02T15:17:39Z" finished-at="2021-10-02T15:17:39Z">
          <reporter-output>
          </reporter-output>
        </test-method> <!-- teaDown -->
        <test-method status="PASS" signature="setUp()[pri:0, instance:com.gtn.qa.TestCases.JobListPageTestCase@16293aa2]" name="setUp" is-config="true" duration-ms="16913" started-at="2021-10-02T15:18:08Z" finished-at="2021-10-02T15:18:25Z">
          <reporter-output>
          </reporter-output>
        </test-method> <!-- setUp -->
        <test-method status="PASS" signature="tmoJobUploadDetailpageTest()[pri:3, instance:com.gtn.qa.TestCases.JobListPageTestCase@16293aa2]" name="tmoJobUploadDetailpageTest" duration-ms="12494" started-at="2021-10-02T15:18:25Z" finished-at="2021-10-02T15:18:38Z">
          <reporter-output>
          </reporter-output>
        </test-method> <!-- tmoJobUploadDetailpageTest -->
        <test-method status="PASS" signature="teaDown()[pri:0, instance:com.gtn.qa.TestCases.JobListPageTestCase@16293aa2]" name="teaDown" is-config="true" duration-ms="594" started-at="2021-10-02T15:18:38Z" finished-at="2021-10-02T15:18:38Z">
          <reporter-output>
          </reporter-output>
        </test-method> <!-- teaDown -->
      </class> <!-- com.gtn.qa.TestCases.JobListPageTestCase -->
    </test> <!-- GTN TMO Automation2 -->
  </suite> <!-- GTN TestNG Suite -->
</testng-results>
